SERVER RUNNING ON PORT: 8000

TELEGRAM BOT INITIALIZED
Connection Received From: /127.0.0.1:50364
Checking user login...
User login correct
Creating Private Server on 47956

Connection Received From: /127.0.0.1:50366
Checking user login...
User login correct
Creating Private Server on 39234

Connection Received From: /127.0.0.1:50403
Checking user login...
User login correct
Creating Private Server on 37078

Connection Received From: /127.0.0.1:50407
Checking user login...
User login correct
Creating Private Server on 35052

Connection Received From: /127.0.0.1:50411
Checking user login...
User login correct
Creating Private Server on 37546

TELEGRAM BOT (Message Received): Genesis97

TELEGRAM BOT (Message Received): Genesis97

TELEGRAM BOT (Message Received): Genesis97

