SERVER RUNNING ON PORT: 8000

Connection Received From: /127.0.0.1:59188
Checking user login...
User login correct
Creating Private Server on 18527

Connection Received From: /127.0.0.1:59231
Checking user login...
User login correct
Creating Private Server on 35492

Connection Received From: /127.0.0.1:59252
Checking user login...
User login correct
Creating Private Server on 26747

Connection Received From: /127.0.0.1:59271
Checking user login...
User login correct
Creating Private Server on 14506

Connection Received From: /127.0.0.1:59279
Checking user login...
User login correct
Creating Private Server on 45853

Connection Received From: /127.0.0.1:59286
Checking user login...
User login correct
Creating Private Server on 38487

Connection Received From: /127.0.0.1:59310
Checking user login...
User login correct
Creating Private Server on 43946

