SERVER RUNNING ON PORT: 8000

Connection Received From: /127.0.0.1:62276
Checking user login...
User login correct
Creating Private Server on 44451

Connection Received From: /127.0.0.1:62416
Checking user login...
User login correct
Creating Private Server on 35224

Connection Received From: /127.0.0.1:62422
Checking user login...
User login correct
Creating Private Server on 43159

Connection Received From: /127.0.0.1:62427
Checking user login...
User login correct
Creating Private Server on 43828

Connection Received From: /127.0.0.1:62487
Checking user login...
User login correct
Creating Private Server on 39337

Connection Received From: /127.0.0.1:62495
Checking user login...
User login correct
Creating Private Server on 43903

Connection Received From: /127.0.0.1:62500
Checking user login...
User login correct
Creating Private Server on 38588

