SERVER RUNNING ON PORT: 8000

Connection Received From: /127.0.0.1:64473
Checking user login...
User login correct
Creating Private Server on 36244

Connection Received From: /127.0.0.1:64481
Checking user login...
User login correct
Creating Private Server on 42991

Connection Received From: /127.0.0.1:64524
Checking user login...
User login correct
Creating Private Server on 44253

Connection Received From: /127.0.0.1:64529
Checking user login...
User login correct
Creating Private Server on 22684

Connection Received From: /127.0.0.1:64535
Checking user login...
User login correct
Creating Private Server on 30658

Connection Received From: /127.0.0.1:64537
Checking user login...
User login correct
Creating Private Server on 12190

Connection Received From: /127.0.0.1:64563
Checking user login...
User login correct
Creating Private Server on 49875

