SERVER RUNNING ON PORT: 8000

Connection Received From: /127.0.0.1:56617
Checking user login...
User login correct
Creating Private Server on 25185

Connection Received From: /127.0.0.1:56632
Checking user login...
User login correct
Creating Private Server on 36816

Connection Received From: /127.0.0.1:56712
Checking user login...
User login correct
Creating Private Server on 16325

Connection Received From: /127.0.0.1:56724
Checking user login...
User login correct
Creating Private Server on 13373

Connection Received From: /127.0.0.1:56738
Checking user login...
User login correct
Creating Private Server on 22248

Connection Received From: /127.0.0.1:56754
Checking user login...
User login correct
Creating Private Server on 17637

Connection Received From: /127.0.0.1:56771
Checking user login...
User login correct
Creating Private Server on 23264

Connection Received From: /127.0.0.1:56780
Checking user login...
User login correct
Creating Private Server on 45523

Connection Received From: /127.0.0.1:56812
Checking user login...
User login correct
Creating Private Server on 37251

