SERVER RUNNING ON PORT: 8000

Connection Received From: /127.0.0.1:64612
Checking user login...
User login correct
Creating Private Server on 19565

Connection Received From: /127.0.0.1:64640
Checking user login...
User login correct
Creating Private Server on 33123

Connection Received From: /127.0.0.1:64647
Checking user login...
User login correct
Creating Private Server on 45717

Connection Received From: /127.0.0.1:64652
Checking user login...
User login correct
Creating Private Server on 45155

Connection Received From: /127.0.0.1:64656
Checking user login...
User login correct
Creating Private Server on 11638

Connection Received From: /127.0.0.1:64659
Checking user login...
User login correct
Creating Private Server on 21692

Connection Received From: /127.0.0.1:64664
Checking user login...
User login correct
Creating Private Server on 38197

Connection Received From: /127.0.0.1:64666
Checking user login...
User login correct
Creating Private Server on 30254

Connection Received From: /127.0.0.1:64668
Checking user login...
User login correct
Creating Private Server on 40679

Connection Received From: /127.0.0.1:64670
Checking user login...
User login correct
Creating Private Server on 34775

Connection Received From: /127.0.0.1:64690
Checking user login...
User login correct
Creating Private Server on 24876

Connection Received From: /127.0.0.1:64693
Checking user login...
User login correct
Creating Private Server on 17782

Connection Received From: /127.0.0.1:64696
Checking user login...
User login correct
Creating Private Server on 16359

Connection Received From: /127.0.0.1:64703
Checking user login...
User login correct
Creating Private Server on 48128

Connection Received From: /127.0.0.1:64705
Checking user login...
User login correct
Creating Private Server on 10421

Connection Received From: /127.0.0.1:64721
Checking user login...
User login correct
Creating Private Server on 15355

Connection Received From: /127.0.0.1:64725
Checking user login...
User login correct
Creating Private Server on 49771

Connection Received From: /127.0.0.1:64728
Checking user login...
User login correct
Creating Private Server on 36522

Connection Received From: /127.0.0.1:64730
Checking user login...
User login correct
Creating Private Server on 44043

Connection Received From: /127.0.0.1:64732
Checking user login...
User login correct
Creating Private Server on 42755

Connection Received From: /127.0.0.1:64734
Checking user login...
User login correct
Creating Private Server on 20605

Connection Received From: /127.0.0.1:64758
Checking user login...
User login correct
Creating Private Server on 28219

Connection Received From: /127.0.0.1:64783
Checking user login...
User login correct
Creating Private Server on 16748

Connection Received From: /127.0.0.1:64788
Checking user login...
User login correct
Creating Private Server on 27045

Connection Received From: /127.0.0.1:64790
Checking user login...
User login correct
Creating Private Server on 34541

Connection Received From: /127.0.0.1:64792
Checking user login...
User login correct
Creating Private Server on 10052

Connection Received From: /127.0.0.1:64806
Checking user login...
User login correct
Creating Private Server on 22995

Connection Received From: /127.0.0.1:64808
Checking user login...
User login correct
Creating Private Server on 17595

Connection Received From: /127.0.0.1:64816
Checking user login...
User login correct
Creating Private Server on 45851

Connection Received From: /127.0.0.1:64818
Checking user login...
User login correct
Creating Private Server on 20681

