SERVER RUNNING ON PORT: 8000

Connection Received From: /127.0.0.1:63711
Checking user login...
User login correct
Creating Private Server on 11167

Connection Received From: /127.0.0.1:63713
Checking user login...
User login correct
Creating Private Server on 32268

Connection Received From: /127.0.0.1:63716
Checking user login...
User login failure
Connection Refused

Connection Received From: /127.0.0.1:63717
Checking user login...
User login correct
Creating Private Server on 28108

Connection Received From: /127.0.0.1:63733
Checking user login...
User login correct
Creating Private Server on 15137

Connection Received From: /127.0.0.1:63735
Checking user login...
User login correct
Creating Private Server on 36329

Connection Received From: /127.0.0.1:63746
Checking user login...
User login correct
Creating Private Server on 18569

Connection Received From: /127.0.0.1:63877
Checking user login...
User login correct
Creating Private Server on 39357

Connection Received From: /127.0.0.1:63883
Checking user login...
User login correct
Creating Private Server on 34587

Connection Received From: /127.0.0.1:63902
Checking user login...
User login correct
Creating Private Server on 24231

Connection Received From: /127.0.0.1:63992
Checking user login...
User login correct
Creating Private Server on 12987

Connection Received From: /127.0.0.1:64024
Checking user login...
User login correct
Creating Private Server on 16811

