SERVER RUNNING ON PORT: 8000

Connection Received From: /127.0.0.1:54184
Checking user login...
User login correct
Creating Private Server on 33702

Connection Received From: /127.0.0.1:54186
Checking user login...
User login correct
Creating Private Server on 19765

Connection Received From: /127.0.0.1:54190
Checking user login...
User login correct
Creating Private Server on 16949

Connection Received From: /127.0.0.1:55048
Checking user login...
User login correct
Creating Private Server on 23967

Connection Received From: /127.0.0.1:55059
Checking user login...
User login correct
Creating Private Server on 24498

Connection Received From: /127.0.0.1:55418
Checking user login...
User login correct
Creating Private Server on 49750

Connection Received From: /127.0.0.1:55423
Checking user login...
User login correct
Creating Private Server on 25133

Connection Received From: /127.0.0.1:55440
Checking user login...
User login correct
Creating Private Server on 11946

Connection Received From: /127.0.0.1:55448
Checking user login...
User login correct
Creating Private Server on 21683

Connection Received From: /127.0.0.1:55456
Checking user login...
User login correct
Creating Private Server on 40866

Connection Received From: /127.0.0.1:55461
Checking user login...
User login correct
Creating Private Server on 13784

Connection Received From: /127.0.0.1:55492
Checking user login...
User login correct
Creating Private Server on 11357

Connection Received From: /127.0.0.1:56088
Checking user login...
User login correct
Creating Private Server on 10605

Connection Received From: /127.0.0.1:56105
Checking user login...
User login correct
Creating Private Server on 13276

Connection Received From: /127.0.0.1:56116
Checking user login...
User login correct
Creating Private Server on 40271

