SERVER RUNNING ON PORT: 8000

Connection Received From: /127.0.0.1:50117
Checking user login...
User login correct
Creating Private Server on 47818

Connection Received From: /127.0.0.1:50123
Checking user login...
User login correct
Creating Private Server on 18543

Connection Received From: /127.0.0.1:50126
Checking user login...
User login correct
Creating Private Server on 32597

Connection Received From: /127.0.0.1:50130
Checking user login...
User login correct
Creating Private Server on 27088

Connection Received From: /127.0.0.1:50136
Checking user login...
User login correct
Creating Private Server on 13751

Connection Received From: /127.0.0.1:50141
Checking user login...
User login correct
Creating Private Server on 26766

Connection Received From: /127.0.0.1:50149
Checking user login...
User login correct
Creating Private Server on 14568

Connection Received From: /127.0.0.1:50157
Checking user login...
User login correct
Creating Private Server on 39993

Connection Received From: /127.0.0.1:50400
Checking user login...
User login correct
Creating Private Server on 12460

Connection Received From: /127.0.0.1:50405
Checking user login...
User login correct
Creating Private Server on 17711

